<?xml version="1.0" encoding="UTF-8"?>
<!-- Generated by org.testng.reporters.JUnitReportReporter -->
<testsuite skipped="0" hostname="DESKTOP-NNSQL83" name="tests.TravelsLoginTest" tests="1" failures="0" timestamp="2019-12-13T08:28:15 CET" time="20.026" errors="0">
  <testcase name="loginTest" time="20.026" classname="tests.TravelsLoginTest"/>
</testsuite> <!-- tests.TravelsLoginTest -->
