<?xml version="1.0" encoding="UTF-8"?>
<!-- Generated by org.testng.reporters.JUnitReportReporter -->
<testsuite skipped="0" hostname="DESKTOP-NNSQL83" name="tests.TravelCarsTest" tests="6" failures="0" timestamp="2019-12-13T08:44:14 CET" time="235.978" errors="0">
  <testcase name="loginTest" time="32.592" classname="tests.TravelCarsTest"/>
  <testcase name="carsTest" time="34.288" classname="tests.TravelCarsTest"/>
  <testcase name="numOfRows" time="5.615" classname="tests.TravelCarsTest"/>
  <testcase name="numOfOrders" time="20.918" classname="tests.TravelCarsTest"/>
  <testcase name="basicAdd" time="77.437" classname="tests.TravelCarsTest"/>
  <testcase name="lettersToPrice" time="65.128" classname="tests.TravelCarsTest"/>
</testsuite> <!-- tests.TravelCarsTest -->
