<?xml version="1.0" encoding="UTF-8"?>
<!-- Generated by org.testng.reporters.JUnitReportReporter -->
<testsuite skipped="0" hostname="DESKTOP-NNSQL83" name="tests.TravelCustomersTest" tests="3" failures="0" timestamp="2019-12-13T08:46:29 CET" time="57.244" errors="0">
  <testcase name="loginTest" time="25.734" classname="tests.TravelCustomersTest"/>
  <testcase name="goToCustomers" time="14.067" classname="tests.TravelCustomersTest"/>
  <testcase name="editInfoTest" time="17.443" classname="tests.TravelCustomersTest"/>
</testsuite> <!-- tests.TravelCustomersTest -->
