<?xml version="1.0" encoding="UTF-8"?>
<!-- Generated by org.testng.reporters.JUnitReportReporter -->
<testsuite skipped="0" hostname="DESKTOP-NNSQL83" name="tests.TravelsMenuTest" tests="10" failures="0" timestamp="2019-12-13T08:38:03 CET" time="276.904" errors="0">
  <testcase name="updateTest" time="23.658" classname="tests.TravelsMenuTest"/>
  <testcase name="basicLogin" time="13.564" classname="tests.TravelsMenuTest"/>
  <testcase name="modulesTest" time="22.993" classname="tests.TravelsMenuTest"/>
  <testcase name="toursTest" time="36.266" classname="tests.TravelsMenuTest"/>
  <testcase name="carsTest" time="30.739" classname="tests.TravelsMenuTest"/>
  <testcase name="couponsTest" time="24.915" classname="tests.TravelsMenuTest"/>
  <testcase name="newsletterTest" time="23.738" classname="tests.TravelsMenuTest"/>
  <testcase name="bookingsTest" time="23.278" classname="tests.TravelsMenuTest"/>
  <testcase name="customersTest" time="47.345" classname="tests.TravelsMenuTest"/>
  <testcase name="editCustomersTest" time="30.408" classname="tests.TravelsMenuTest"/>
</testsuite> <!-- tests.TravelsMenuTest -->
